

Microchip Technology PIC LITE Macro Assembler V1.36 build -262312587 
                                                                                               Sun Dec 12 11:47:03 2021

Microchip Technology Omniscient Code Generator v1.36 (Free mode) build 201601150325
     1                           	processor	10F206
     2                           	opt	pw 120
     3                           	opt	lm
     4                           	psect	cinit,global,class=ENTRY,merge=1,delta=2
     5                           	psect	cstackCOMMON,global,class=COMMON,space=1,delta=1
     6                           	psect	cstackBANK0,global,class=BANK0,space=1,delta=1
     7                           	psect	maintext,global,class=CODE,split=1,delta=2
     8                           	dabs	1,0x1C,4
     9  0000                     	;# 
    10  0001                     	;# 
    11  0002                     	;# 
    12  0003                     	;# 
    13  0004                     	;# 
    14  0005                     	;# 
    15  0006                     	;# 
    16  0007                     	;# 
    17  0007                     _CMCON0	set	7
    18  0000                     _OPTION	set	0
    19  0005                     _OSCCAL	set	5
    20  0006                     _TRISGPIO	set	6
    21  0032                     _GP2	set	50
    22  0033                     _GP3	set	51
    23                           
    24                           ; #config settings
    25  0000                     
    26                           	psect	cinit
    27  002                     start_initialization:	
    28  002                     __initialization:	
    29  002                     end_of_initialization:	
    30                           ;End of C runtime variable initialization code
    31                           
    32  002                     __end_of__initialization:	
    33  002  064                	clrf	4
    34  003  BA9                	ljmp	_main	;jump to C main() function
    35                           
    36                           	psect	cstackCOMMON
    37  000                     __pcstackCOMMON:	
    38  000                     ??_main:	
    39                           
    40                           	psect	cstackBANK0
    41  008                     __pcstackBANK0:	
    42                           ; 1 bytes @ 0x0
    43                           
    44  008                     ?_main:	
    45  008                     main@i:	
    46                           ; 1 bytes @ 0x0
    47                           
    48                           
    49                           ; 2 bytes @ 0x0
    50  008                     	ds	2
    51  00A                     main@i_27:	
    52                           
    53                           ; 2 bytes @ 0x2
    54  00A                     	ds	2
    55                           
    56                           	psect	maintext
    57  1A9                     __pmaintext:	
    58 ;;
    59 ;;Main: autosize = 0, tempsize = 0, incstack = 0, save=0
    60 ;;
    61 ;; *************** function _main *****************
    62 ;; Defined at:
    63 ;;		line 16 in file "newmain.c"
    64 ;; Parameters:    Size  Location     Type
    65 ;;		None
    66 ;; Auto vars:     Size  Location     Type
    67 ;;  i               2    2[BANK0 ] int 
    68 ;;  i               2    0[BANK0 ] int 
    69 ;; Return value:  Size  Location     Type
    70 ;;                  1   14[None  ] void 
    71 ;; Registers used:
    72 ;;		wreg, fsr0l, fsr0h, status,2, btemp+0, btemp+1, btemp+2, btemp+3
    73 ;; Tracked objects:
    74 ;;		On entry : B00/0
    75 ;;		On exit  : 0/0
    76 ;;		Unchanged: 0/0
    77 ;; Data sizes:     COMMON   BANK0
    78 ;;      Params:         0       0
    79 ;;      Locals:         0       4
    80 ;;      Temps:          0       0
    81 ;;      Totals:         0       4
    82 ;;Total ram usage:        4 bytes
    83 ;; This function calls:
    84 ;;		Nothing
    85 ;; This function is called by:
    86 ;;		Startup code after reset
    87 ;; This function uses a non-reentrant model
    88 ;;
    89                           
    90                           
    91                           ;psect for function _main
    92  1A9                     _main:	
    93                           
    94                           ;newmain.c: 17: OSCCAL = 0x7e;
    95                           
    96                           ;incstack = 0
    97                           ; Regs used in _main: [wreg-fsr0h+status,2+btemp+0-btemp+3]
    98  1A9  C7E                	movlw	126
    99  1AA  025                	movwf	5	;volatile
   100                           
   101                           ;newmain.c: 18: OPTION = 0xc0;
   102  1AB  CC0                	movlw	192
   103  1AC  002                	option
   104                           
   105                           ;newmain.c: 19: TRISGPIO = 0x01;
   106  1AD  C01                	movlw	1
   107  1AE  006                	tris	6
   108                           
   109                           ;newmain.c: 20: GP2 = 0;
   110  1AF  446                	bcf	6,2	;volatile
   111                           
   112                           ;newmain.c: 21: GP3 = 0;
   113  1B0  466                	bcf	6,3	;volatile
   114                           
   115                           ;newmain.c: 22: CMCON0 = 0x08;
   116  1B1  C08                	movlw	8
   117  1B2  027                	movwf	7	;volatile
   118  1B3                     l445:	
   119                           ;newmain.c: 23: while(1) {
   120                           
   121                           
   122                           ;newmain.c: 24: if ( (CMCON0 & 0x01000000b) == 0 ) {
   123  1B3  207                	movf	7,w	;volatile
   124  1B4  E0B                	andlw	11
   125  1B5  743                	btfss	3,2
   126  1B6  BB3                	goto	l445
   127                           
   128                           ;newmain.c: 25: GP2 = 1;
   129  1B7  546                	bsf	6,2	;volatile
   130                           
   131                           ;newmain.c: 26: GP3 = 1;
   132  1B8  566                	bsf	6,3	;volatile
   133                           
   134                           ;newmain.c: 27: for(int i = 0; i < 50; i++);
   135  1B9  068                	clrf	main@i
   136  1BA  069                	clrf	main@i+1
   137  1BB  209                	movf	main@i+1,w
   138  1BC  03F                	movwf	31
   139  1BD  208                	movf	main@i,w
   140  1BE  03E                	movwf	30
   141  1BF  21F                	movf	31,w
   142  1C0  F80                	xorlw	128
   143  1C1  03C                	movwf	28
   144  1C2  C80                	movlw	128
   145  1C3  09C                	subwf	28,w
   146  1C4  743                	skipz
   147  1C5  BC8                	goto	u75
   148  1C6  C32                	movlw	50
   149  1C7  09E                	subwf	30,w
   150  1C8                     u75:	
   151  1C8  603                	btfsc	3,0
   152  1C9  BE2                	goto	l459
   153  1CA                     l455:	
   154  1CA  C01                	movlw	1
   155  1CB  03C                	movwf	28
   156  1CC  07D                	clrf	29
   157  1CD  21C                	movf	28,w
   158  1CE  1E8                	addwf	main@i,f
   159  1CF  603                	skipnc
   160  1D0  2A9                	incf	main@i+1,f
   161  1D1  21D                	movf	29,w
   162  1D2  1E9                	addwf	main@i+1,f
   163  1D3  209                	movf	main@i+1,w
   164  1D4  03F                	movwf	31
   165  1D5  208                	movf	main@i,w
   166  1D6  03E                	movwf	30
   167  1D7  21F                	movf	31,w
   168  1D8  F80                	xorlw	128
   169  1D9  03C                	movwf	28
   170  1DA  C80                	movlw	128
   171  1DB  09C                	subwf	28,w
   172  1DC  743                	skipz
   173  1DD  BE0                	goto	u85
   174  1DE  C32                	movlw	50
   175  1DF  09E                	subwf	30,w
   176  1E0                     u85:	
   177  1E0  703                	skipc
   178  1E1  BCA                	goto	l455
   179  1E2                     l459:	
   180                           
   181                           ;newmain.c: 28: GP2 = 0;
   182  1E2  446                	bcf	6,2	;volatile
   183                           
   184                           ;newmain.c: 29: GP3 = 0;
   185  1E3  466                	bcf	6,3	;volatile
   186                           
   187                           ;newmain.c: 30: for(int i = 0; i < 4000; i++);
   188  1E4  06A                	clrf	main@i_27
   189  1E5  06B                	clrf	main@i_27+1
   190  1E6                     L1:	
   191  1E6  20B                	movf	main@i_27+1,w
   192  1E7  03F                	movwf	31
   193  1E8  20A                	movf	main@i_27,w
   194  1E9  03E                	movwf	30
   195  1EA  21F                	movf	31,w
   196  1EB  F80                	xorlw	128
   197  1EC  03C                	movwf	28
   198  1ED  C8F                	movlw	143
   199  1EE  09C                	subwf	28,w
   200  1EF  743                	skipz
   201  1F0  BF3                	goto	u95
   202  1F1  CA0                	movlw	160
   203  1F2  09E                	subwf	30,w
   204  1F3                     u95:	
   205  1F3  603                	btfsc	3,0
   206  1F4  BB3                	goto	l445
   207  1F5  C01                	movlw	1
   208  1F6  03C                	movwf	28
   209  1F7  07D                	clrf	29
   210  1F8  21C                	movf	28,w
   211  1F9  1EA                	addwf	main@i_27,f
   212  1FA  603                	skipnc
   213  1FB  2AB                	incf	main@i_27+1,f
   214  1FC  21D                	movf	29,w
   215  1FD  1EB                	addwf	main@i_27+1,f
   216  1FE  BE6                	goto	L1
   217  1FF                     __end_of_main:	
   218  001C                     btemp	set	28	;btemp
   219  001C                     wtemp	set	28
   220  001C                     wtemp0	set	28
   221  001E                     wtemp1	set	30
   222  0020                     wtemp2	set	32
   223  0022                     wtemp3	set	34
   224  0024                     wtemp4	set	36
   225  0026                     wtemp5	set	38
   226  001D                     wtemp6	set	29
   227  001C                     ttemp	set	28
   228  001C                     ttemp0	set	28
   229  001F                     ttemp1	set	31
   230  0022                     ttemp2	set	34
   231  0025                     ttemp3	set	37
   232  001D                     ttemp4	set	29
   233  001C                     ltemp	set	28
   234  001C                     ltemp0	set	28
   235  0020                     ltemp1	set	32
   236  0024                     ltemp2	set	36
   237  001E                     ltemp3	set	30


Data Sizes:
    Strings     0
    Constant    0
    Data        0
    BSS         0
    Persistent  0
    Stack       0

Auto Spaces:
    Space          Size  Autos    Used
    COMMON            0      0       0
    BANK0            22      4       4

Pointer List with Targets:

    None.

Critical Paths under _main in COMMON

    None.

Critical Paths under _main in BANK0

    None.

Call Graph Tables:

 ---------------------------------------------------------------------------------
 (Depth) Function   	        Calls       Base Space   Used Autos Params    Refs
 ---------------------------------------------------------------------------------
 (0) _main                                                 4     4      0      92
                                              0 BANK0      4     4      0
 ---------------------------------------------------------------------------------
 Estimated maximum stack depth 0
 ---------------------------------------------------------------------------------

 Call Graph Graphs:

 _main (ROOT)

 Address spaces:
Name               Size   Autos  Total    Cost      Usage
STACK                0      0       0       0        0.0%
NULL                 0      0       0       0        0.0%
CODE                 0      0       0       0        0.0%
BITSFR0              0      0       0       1        0.0%
SFR0                 0      0       0       1        0.0%
DATA                 0      0       0       1        0.0%
BITCOMMON            0      0       0       2        0.0%
BITBANK0            16      0       0       3        0.0%
COMMON               0      0       0       4        0.0%
BANK0               16      4       4       5       18.2%
ABS                  0      0       0       6        0.0%


Microchip Technology PIC Macro Assembler V1.36 build -262312587 
Symbol Table                                                                                   Sun Dec 12 11:47:03 2021

            __CFG_CP$OFF 0000                       u75 01C8                       u85 01E0  
                     u95 01F3                       fsr 0004                      l445 01B3  
                    l455 01CA                      l459 01E2                      _GP2 0032  
                    _GP3 0033                     _main 01A9                     btemp 001C  
                   ltemp 001C                     start 0001                     ttemp 001C  
                   wtemp 001C                    ?_main 0008            __CFG_WDTE$OFF 0000  
                  main@i 0008                    ltemp0 001C                    ltemp1 0020  
                  ltemp2 0024                    ltemp3 001E                    ttemp0 001C  
                  ttemp1 001F                    ttemp2 0022                    ttemp3 0025  
                  ttemp4 001D                    status 0003                    wtemp0 001C  
                  wtemp1 001E                    wtemp2 0020                    wtemp3 0022  
                  wtemp4 0024                    wtemp5 0026                    wtemp6 001D  
         __CFG_MCLRE$OFF 0000          __initialization 0002             __end_of_main 01FF  
                 ??_main 0000                   _CMCON0 0007                   _OSCCAL 0005  
                 _OPTION 0000  __end_of__initialization 0002           __pcstackCOMMON 0000  
             __pmaintext 01A9     end_of_initialization 0002      start_initialization 0002  
              ___latbits 0000            __pcstackBANK0 0008                 _TRISGPIO 0006  
          __size_of_main 0056                 main@i_27 000A  
