

Microchip Technology PIC LITE Macro Assembler V1.36 build -262312587 
                                                                                               Sun Jan  2 18:41:15 2022

Microchip Technology Omniscient Code Generator v1.36 (Free mode) build 201601150325
     1                           	processor	10F206
     2                           	opt	pw 120
     3                           	opt	lm
     4                           	psect	cinit,global,class=ENTRY,merge=1,delta=2
     5                           	psect	cstackCOMMON,global,class=COMMON,space=1,delta=1
     6                           	psect	cstackBANK0,global,class=BANK0,space=1,delta=1
     7                           	psect	maintext,global,class=CODE,split=1,delta=2
     8                           	dabs	1,0x1C,4
     9  0000                     	;# 
    10  0001                     	;# 
    11  0002                     	;# 
    12  0003                     	;# 
    13  0004                     	;# 
    14  0005                     	;# 
    15  0006                     	;# 
    16  0007                     	;# 
    17  0007                     _CMCON0	set	7
    18  0000                     _OPTION	set	0
    19  0005                     _OSCCAL	set	5
    20  0006                     _TRISGPIO	set	6
    21  003F                     _CMPOUT	set	63
    22  0032                     _GP2	set	50
    23                           
    24                           ; #config settings
    25  0000                     
    26                           	psect	cinit
    27  001                     start_initialization:	
    28  001                     __initialization:	
    29  001                     end_of_initialization:	
    30                           ;End of C runtime variable initialization code
    31                           
    32  001                     __end_of__initialization:	
    33  001  064                	clrf	4
    34  002  BD3                	ljmp	_main	;jump to C main() function
    35                           
    36                           	psect	cstackCOMMON
    37  000                     __pcstackCOMMON:	
    38  000                     ??_main:	
    39                           
    40                           	psect	cstackBANK0
    41  008                     __pcstackBANK0:	
    42                           ; 1 bytes @ 0x0
    43                           
    44  008                     ?_main:	
    45  008                     main@i:	
    46                           ; 1 bytes @ 0x0
    47                           
    48                           
    49                           ; 2 bytes @ 0x0
    50  008                     	ds	2
    51                           
    52                           	psect	maintext
    53  1D3                     __pmaintext:	
    54 ;;
    55 ;;Main: autosize = 0, tempsize = 0, incstack = 0, save=0
    56 ;;
    57 ;; *************** function _main *****************
    58 ;; Defined at:
    59 ;;		line 16 in file "newmain.c"
    60 ;; Parameters:    Size  Location     Type
    61 ;;		None
    62 ;; Auto vars:     Size  Location     Type
    63 ;;  i               2    0[BANK0 ] int 
    64 ;; Return value:  Size  Location     Type
    65 ;;                  1   14[None  ] void 
    66 ;; Registers used:
    67 ;;		wreg, fsr0l, fsr0h, status,2, btemp+0, btemp+1, btemp+2, btemp+3
    68 ;; Tracked objects:
    69 ;;		On entry : B00/0
    70 ;;		On exit  : 0/0
    71 ;;		Unchanged: 0/0
    72 ;; Data sizes:     COMMON   BANK0
    73 ;;      Params:         0       0
    74 ;;      Locals:         0       2
    75 ;;      Temps:          0       0
    76 ;;      Totals:         0       2
    77 ;;Total ram usage:        2 bytes
    78 ;; This function calls:
    79 ;;		Nothing
    80 ;; This function is called by:
    81 ;;		Startup code after reset
    82 ;; This function uses a non-reentrant model
    83 ;;
    84                           
    85                           
    86                           ;psect for function _main
    87  1D3                     _main:	
    88                           
    89                           ;newmain.c: 17: OSCCAL = 0b01111110;
    90                           
    91                           ;incstack = 0
    92                           ; Regs used in _main: [wreg-fsr0h+status,2+btemp+0-btemp+3]
    93  1D3  C7E                	movlw	126
    94  1D4  025                	movwf	5	;volatile
    95                           
    96                           ;newmain.c: 18: OPTION = 0b11000000;
    97  1D5  CC0                	movlw	192
    98  1D6  002                	option
    99                           
   100                           ;newmain.c: 19: TRISGPIO = 0b00000001;
   101  1D7  C01                	movlw	1
   102  1D8  006                	tris	6
   103                           
   104                           ;newmain.c: 20: GP2 = 0;
   105  1D9  446                	bcf	6,2	;volatile
   106                           
   107                           ;newmain.c: 22: CMCON0 = 0b01001011;
   108  1DA  C4B                	movlw	75
   109  1DB  027                	movwf	7	;volatile
   110  1DC  BFB                	goto	l15
   111  1DD                     l430:	
   112                           
   113                           ;newmain.c: 25: GP2 = 1;
   114  1DD  546                	bsf	6,2	;volatile
   115                           
   116                           ;newmain.c: 27: GP2 = 0;
   117  1DE  446                	bcf	6,2	;volatile
   118                           
   119                           ;newmain.c: 28: for(int i = 0; i < 1000; i++) {
   120  1DF  068                	clrf	main@i
   121  1E0  069                	clrf	main@i+1
   122  1E1                     L1:	
   123  1E1  209                	movf	main@i+1,w
   124  1E2  03F                	movwf	31
   125  1E3  208                	movf	main@i,w
   126  1E4  03E                	movwf	30
   127  1E5  21F                	movf	31,w
   128  1E6  F80                	xorlw	128
   129  1E7  03C                	movwf	28
   130  1E8  C83                	movlw	131
   131  1E9  09C                	subwf	28,w
   132  1EA  743                	skipz
   133  1EB  BEE                	goto	u55
   134  1EC  CE8                	movlw	232
   135  1ED  09E                	subwf	30,w
   136  1EE                     u55:	
   137  1EE  603                	btfsc	3,0
   138  1EF  BFB                	goto	l15
   139  1F0  004                	clrwdt	;# 
   140  1F1  C01                	movlw	1
   141  1F2  03C                	movwf	28
   142  1F3  07D                	clrf	29
   143  1F4  21C                	movf	28,w
   144  1F5  1E8                	addwf	main@i,f
   145  1F6  603                	skipnc
   146  1F7  2A9                	incf	main@i+1,f
   147  1F8  21D                	movf	29,w
   148  1F9  1E9                	addwf	main@i+1,f
   149  1FA  BE1                	goto	L1
   150  1FB                     l15:	
   151                           ;newmain.c: 23: while(1) {
   152                           
   153                           ;newmain.c: 30: };
   154                           ;newmain.c: 31: } else {
   155                           
   156                           
   157                           ;newmain.c: 24: if ( CMPOUT ) {
   158  1FB  6E7                	btfsc	7,7	;volatile
   159  1FC  BDD                	goto	l430
   160  1FD  003                	sleep	;# 
   161  1FE  BFB                	goto	l15
   162  1FF                     __end_of_main:	
   163  001C                     btemp	set	28	;btemp
   164  001C                     wtemp	set	28
   165  001C                     wtemp0	set	28
   166  001E                     wtemp1	set	30
   167  0020                     wtemp2	set	32
   168  0022                     wtemp3	set	34
   169  0024                     wtemp4	set	36
   170  0026                     wtemp5	set	38
   171  001D                     wtemp6	set	29
   172  001C                     ttemp	set	28
   173  001C                     ttemp0	set	28
   174  001F                     ttemp1	set	31
   175  0022                     ttemp2	set	34
   176  0025                     ttemp3	set	37
   177  001D                     ttemp4	set	29
   178  001C                     ltemp	set	28
   179  001C                     ltemp0	set	28
   180  0020                     ltemp1	set	32
   181  0024                     ltemp2	set	36
   182  001E                     ltemp3	set	30


Data Sizes:
    Strings     0
    Constant    0
    Data        0
    BSS         0
    Persistent  0
    Stack       0

Auto Spaces:
    Space          Size  Autos    Used
    COMMON            0      0       0
    BANK0            22      2       2

Pointer List with Targets:

    None.

Critical Paths under _main in COMMON

    None.

Critical Paths under _main in BANK0

    None.

Call Graph Tables:

 ---------------------------------------------------------------------------------
 (Depth) Function   	        Calls       Base Space   Used Autos Params    Refs
 ---------------------------------------------------------------------------------
 (0) _main                                                 2     2      0      46
                                              0 BANK0      2     2      0
 ---------------------------------------------------------------------------------
 Estimated maximum stack depth 0
 ---------------------------------------------------------------------------------

 Call Graph Graphs:

 _main (ROOT)

 Address spaces:
Name               Size   Autos  Total    Cost      Usage
STACK                0      0       0       0        0.0%
NULL                 0      0       0       0        0.0%
CODE                 0      0       0       0        0.0%
BITSFR0              0      0       0       1        0.0%
SFR0                 0      0       0       1        0.0%
DATA                 0      0       0       1        0.0%
BITCOMMON            0      0       0       2        0.0%
BITBANK0            16      0       0       3        0.0%
COMMON               0      0       0       4        0.0%
BANK0               16      2       2       5        9.1%
ABS                  0      0       0       6        0.0%


Microchip Technology PIC Macro Assembler V1.36 build -262312587 
Symbol Table                                                                                   Sun Jan  2 18:41:15 2022

            __CFG_CP$OFF 0000                       l15 01FB                       u55 01EE  
                     fsr 0004                      l430 01DD                      _GP2 0032  
           __CFG_WDTE$ON 0000                     _main 01D3                     btemp 001C  
                   ltemp 001C                     start 0000                     ttemp 001C  
                   wtemp 001C                    ?_main 0008                    main@i 0008  
                  ltemp0 001C                    ltemp1 0020                    ltemp2 0024  
                  ltemp3 001E                    ttemp0 001C                    ttemp1 001F  
                  ttemp2 0022                    ttemp3 0025                    ttemp4 001D  
                  wtemp0 001C                    wtemp1 001E                    wtemp2 0020  
                  wtemp3 0022                    wtemp4 0024                    wtemp5 0026  
                  wtemp6 001D           __CFG_MCLRE$OFF 0000          __initialization 0001  
           __end_of_main 01FF                   ??_main 0000                   _CMCON0 0007  
                 _CMPOUT 003F                   _OSCCAL 0005                   _OPTION 0000  
__end_of__initialization 0001           __pcstackCOMMON 0000               __pmaintext 01D3  
   end_of_initialization 0001      start_initialization 0001                ___latbits 0000  
          __pcstackBANK0 0008                 _TRISGPIO 0006            __size_of_main 002C  
